[notice][2018-04-10 11:14:30]Kit\Http\Router\Exceptions\RouteNotFoundException: Route css/app.css not registered.
Debug Trace: 
#0  App\AppManager->shutdown(256, Kit\Http\Router\Exceptions\RouteNotFoundException: Route css/app.css not registered., C:\MAMP\htdocs\phoxphp\app\app\BaseException.php, 37, Array ())
#1  trigger_error(Kit\Http\Router\Exceptions\RouteNotFoundException: Route css/app.css not registered., 256) called at [C:\MAMP\htdocs\phoxphp\app\app\BaseException.php:37]
#2  App\BaseException->__construct() called at [C:\MAMP\htdocs\phoxphp\app\vendor\phoxphp\http\src\Router\Exceptions\RouteNotFoundException.php:63]
#3  Kit\Http\Router\Exceptions\RouteNotFoundException->__construct(Route css/app.css not registered.) called at [C:\MAMP\htdocs\phoxphp\app\vendor\phoxphp\http\src\Router\Repository.php:386]
#4  Kit\Http\Router\Repository->run(Array ()) called at [C:\MAMP\htdocs\phoxphp\app\app\AppManager.php:265]
#5  App\AppManager->startApplication() called at [C:\MAMP\htdocs\phoxphp\app\app\AppManager.php:250]
#6  App\AppManager->boot(1) called at [C:\MAMP\htdocs\phoxphp\app\bootstrap.php:44]
#7  require(C:\MAMP\htdocs\phoxphp\app\bootstrap.php) called at [C:\MAMP\htdocs\phoxphp\index.php:28]

[notice][2018-04-10 11:14:30]Kit\Http\Router\Exceptions\RouteNotFoundException: Route css/mdl.css not registered.
Debug Trace: 
#0  App\AppManager->shutdown(256, Kit\Http\Router\Exceptions\RouteNotFoundException: Route css/mdl.css not registered., C:\MAMP\htdocs\phoxphp\app\app\BaseException.php, 37, Array ())
#1  trigger_error(Kit\Http\Router\Exceptions\RouteNotFoundException: Route css/mdl.css not registered., 256) called at [C:\MAMP\htdocs\phoxphp\app\app\BaseException.php:37]
#2  App\BaseException->__construct() called at [C:\MAMP\htdocs\phoxphp\app\vendor\phoxphp\http\src\Router\Exceptions\RouteNotFoundException.php:63]
#3  Kit\Http\Router\Exceptions\RouteNotFoundException->__construct(Route css/mdl.css not registered.) called at [C:\MAMP\htdocs\phoxphp\app\vendor\phoxphp\http\src\Router\Repository.php:386]
#4  Kit\Http\Router\Repository->run(Array ()) called at [C:\MAMP\htdocs\phoxphp\app\app\AppManager.php:265]
#5  App\AppManager->startApplication() called at [C:\MAMP\htdocs\phoxphp\app\app\AppManager.php:250]
#6  App\AppManager->boot(1) called at [C:\MAMP\htdocs\phoxphp\app\bootstrap.php:44]
#7  require(C:\MAMP\htdocs\phoxphp\app\bootstrap.php) called at [C:\MAMP\htdocs\phoxphp\index.php:28]

[notice][2018-04-10 11:14:31]Route css/mdl.css not registered.
Debug Trace: 
#0 C:\MAMP\htdocs\phoxphp\app\app\AppManager.php(265): Kit\Http\Router\Repository->run(Array)
#1 C:\MAMP\htdocs\phoxphp\app\app\AppManager.php(250): App\AppManager->startApplication()
#2 C:\MAMP\htdocs\phoxphp\app\bootstrap.php(44): App\AppManager->boot(true)
#3 C:\MAMP\htdocs\phoxphp\index.php(28): require('C:\\MAMP\\htdocs\\...')
#4 {main}
[notice][2018-04-10 11:14:31]Route css/app.css not registered.
Debug Trace: 
#0 C:\MAMP\htdocs\phoxphp\app\app\AppManager.php(265): Kit\Http\Router\Repository->run(Array)
#1 C:\MAMP\htdocs\phoxphp\app\app\AppManager.php(250): App\AppManager->startApplication()
#2 C:\MAMP\htdocs\phoxphp\app\bootstrap.php(44): App\AppManager->boot(true)
#3 C:\MAMP\htdocs\phoxphp\index.php(28): require('C:\\MAMP\\htdocs\\...')
#4 {main}
[notice][2018-04-10 11:14:32]Kit\Http\Router\Exceptions\RouteNotFoundException: Route css/app.css not registered.
Debug Trace: 
#0  App\AppManager->shutdown(256, Kit\Http\Router\Exceptions\RouteNotFoundException: Route css/app.css not registered., C:\MAMP\htdocs\phoxphp\app\app\BaseException.php, 37, Array ())
#1  trigger_error(Kit\Http\Router\Exceptions\RouteNotFoundException: Route css/app.css not registered., 256) called at [C:\MAMP\htdocs\phoxphp\app\app\BaseException.php:37]
#2  App\BaseException->__construct() called at [C:\MAMP\htdocs\phoxphp\app\vendor\phoxphp\http\src\Router\Exceptions\RouteNotFoundException.php:63]
#3  Kit\Http\Router\Exceptions\RouteNotFoundException->__construct(Route css/app.css not registered.) called at [C:\MAMP\htdocs\phoxphp\app\vendor\phoxphp\http\src\Router\Repository.php:386]
#4  Kit\Http\Router\Repository->run(Array ()) called at [C:\MAMP\htdocs\phoxphp\app\app\AppManager.php:265]
#5  App\AppManager->startApplication() called at [C:\MAMP\htdocs\phoxphp\app\app\AppManager.php:250]
#6  App\AppManager->boot(1) called at [C:\MAMP\htdocs\phoxphp\app\bootstrap.php:44]
#7  require(C:\MAMP\htdocs\phoxphp\app\bootstrap.php) called at [C:\MAMP\htdocs\phoxphp\index.php:28]

[notice][2018-04-10 11:14:32]Kit\Http\Router\Exceptions\RouteNotFoundException: Route css/mdl.css not registered.
Debug Trace: 
#0  App\AppManager->shutdown(256, Kit\Http\Router\Exceptions\RouteNotFoundException: Route css/mdl.css not registered., C:\MAMP\htdocs\phoxphp\app\app\BaseException.php, 37, Array ())
#1  trigger_error(Kit\Http\Router\Exceptions\RouteNotFoundException: Route css/mdl.css not registered., 256) called at [C:\MAMP\htdocs\phoxphp\app\app\BaseException.php:37]
#2  App\BaseException->__construct() called at [C:\MAMP\htdocs\phoxphp\app\vendor\phoxphp\http\src\Router\Exceptions\RouteNotFoundException.php:63]
#3  Kit\Http\Router\Exceptions\RouteNotFoundException->__construct(Route css/mdl.css not registered.) called at [C:\MAMP\htdocs\phoxphp\app\vendor\phoxphp\http\src\Router\Repository.php:386]
#4  Kit\Http\Router\Repository->run(Array ()) called at [C:\MAMP\htdocs\phoxphp\app\app\AppManager.php:265]
#5  App\AppManager->startApplication() called at [C:\MAMP\htdocs\phoxphp\app\app\AppManager.php:250]
#6  App\AppManager->boot(1) called at [C:\MAMP\htdocs\phoxphp\app\bootstrap.php:44]
#7  require(C:\MAMP\htdocs\phoxphp\app\bootstrap.php) called at [C:\MAMP\htdocs\phoxphp\index.php:28]

[notice][2018-04-10 11:14:32]Route css/app.css not registered.
Debug Trace: 
#0 C:\MAMP\htdocs\phoxphp\app\app\AppManager.php(265): Kit\Http\Router\Repository->run(Array)
#1 C:\MAMP\htdocs\phoxphp\app\app\AppManager.php(250): App\AppManager->startApplication()
#2 C:\MAMP\htdocs\phoxphp\app\bootstrap.php(44): App\AppManager->boot(true)
#3 C:\MAMP\htdocs\phoxphp\index.php(28): require('C:\\MAMP\\htdocs\\...')
#4 {main}
[notice][2018-04-10 11:14:32]Route css/mdl.css not registered.
Debug Trace: 
#0 C:\MAMP\htdocs\phoxphp\app\app\AppManager.php(265): Kit\Http\Router\Repository->run(Array)
#1 C:\MAMP\htdocs\phoxphp\app\app\AppManager.php(250): App\AppManager->startApplication()
#2 C:\MAMP\htdocs\phoxphp\app\bootstrap.php(44): App\AppManager->boot(true)
#3 C:\MAMP\htdocs\phoxphp\index.php(28): require('C:\\MAMP\\htdocs\\...')
#4 {main}
[notice][2018-04-10 11:14:32]Kit\Http\Router\Exceptions\RouteNotFoundException: Route css/app.css not registered.
Debug Trace: 
#0  App\AppManager->shutdown(256, Kit\Http\Router\Exceptions\RouteNotFoundException: Route css/app.css not registered., C:\MAMP\htdocs\phoxphp\app\app\BaseException.php, 37, Array ())
#1  trigger_error(Kit\Http\Router\Exceptions\RouteNotFoundException: Route css/app.css not registered., 256) called at [C:\MAMP\htdocs\phoxphp\app\app\BaseException.php:37]
#2  App\BaseException->__construct() called at [C:\MAMP\htdocs\phoxphp\app\vendor\phoxphp\http\src\Router\Exceptions\RouteNotFoundException.php:63]
#3  Kit\Http\Router\Exceptions\RouteNotFoundException->__construct(Route css/app.css not registered.) called at [C:\MAMP\htdocs\phoxphp\app\vendor\phoxphp\http\src\Router\Repository.php:386]
#4  Kit\Http\Router\Repository->run(Array ()) called at [C:\MAMP\htdocs\phoxphp\app\app\AppManager.php:265]
#5  App\AppManager->startApplication() called at [C:\MAMP\htdocs\phoxphp\app\app\AppManager.php:250]
#6  App\AppManager->boot(1) called at [C:\MAMP\htdocs\phoxphp\app\bootstrap.php:44]
#7  require(C:\MAMP\htdocs\phoxphp\app\bootstrap.php) called at [C:\MAMP\htdocs\phoxphp\index.php:28]

[notice][2018-04-10 11:14:32]Kit\Http\Router\Exceptions\RouteNotFoundException: Route css/mdl.css not registered.
Debug Trace: 
#0  App\AppManager->shutdown(256, Kit\Http\Router\Exceptions\RouteNotFoundException: Route css/mdl.css not registered., C:\MAMP\htdocs\phoxphp\app\app\BaseException.php, 37, Array ())
#1  trigger_error(Kit\Http\Router\Exceptions\RouteNotFoundException: Route css/mdl.css not registered., 256) called at [C:\MAMP\htdocs\phoxphp\app\app\BaseException.php:37]
#2  App\BaseException->__construct() called at [C:\MAMP\htdocs\phoxphp\app\vendor\phoxphp\http\src\Router\Exceptions\RouteNotFoundException.php:63]
#3  Kit\Http\Router\Exceptions\RouteNotFoundException->__construct(Route css/mdl.css not registered.) called at [C:\MAMP\htdocs\phoxphp\app\vendor\phoxphp\http\src\Router\Repository.php:386]
#4  Kit\Http\Router\Repository->run(Array ()) called at [C:\MAMP\htdocs\phoxphp\app\app\AppManager.php:265]
#5  App\AppManager->startApplication() called at [C:\MAMP\htdocs\phoxphp\app\app\AppManager.php:250]
#6  App\AppManager->boot(1) called at [C:\MAMP\htdocs\phoxphp\app\bootstrap.php:44]
#7  require(C:\MAMP\htdocs\phoxphp\app\bootstrap.php) called at [C:\MAMP\htdocs\phoxphp\index.php:28]

[notice][2018-04-10 11:14:32]Route css/app.css not registered.
Debug Trace: 
#0 C:\MAMP\htdocs\phoxphp\app\app\AppManager.php(265): Kit\Http\Router\Repository->run(Array)
#1 C:\MAMP\htdocs\phoxphp\app\app\AppManager.php(250): App\AppManager->startApplication()
#2 C:\MAMP\htdocs\phoxphp\app\bootstrap.php(44): App\AppManager->boot(true)
#3 C:\MAMP\htdocs\phoxphp\index.php(28): require('C:\\MAMP\\htdocs\\...')
#4 {main}
[notice][2018-04-10 11:14:32]Route css/mdl.css not registered.
Debug Trace: 
#0 C:\MAMP\htdocs\phoxphp\app\app\AppManager.php(265): Kit\Http\Router\Repository->run(Array)
#1 C:\MAMP\htdocs\phoxphp\app\app\AppManager.php(250): App\AppManager->startApplication()
#2 C:\MAMP\htdocs\phoxphp\app\bootstrap.php(44): App\AppManager->boot(true)
#3 C:\MAMP\htdocs\phoxphp\index.php(28): require('C:\\MAMP\\htdocs\\...')
#4 {main}
[notice][2018-04-10 11:14:33]Kit\Http\Router\Exceptions\RouteNotFoundException: Route css/app.css not registered.
Debug Trace: 
#0  App\AppManager->shutdown(256, Kit\Http\Router\Exceptions\RouteNotFoundException: Route css/app.css not registered., C:\MAMP\htdocs\phoxphp\app\app\BaseException.php, 37, Array ())
#1  trigger_error(Kit\Http\Router\Exceptions\RouteNotFoundException: Route css/app.css not registered., 256) called at [C:\MAMP\htdocs\phoxphp\app\app\BaseException.php:37]
#2  App\BaseException->__construct() called at [C:\MAMP\htdocs\phoxphp\app\vendor\phoxphp\http\src\Router\Exceptions\RouteNotFoundException.php:63]
#3  Kit\Http\Router\Exceptions\RouteNotFoundException->__construct(Route css/app.css not registered.) called at [C:\MAMP\htdocs\phoxphp\app\vendor\phoxphp\http\src\Router\Repository.php:386]
#4  Kit\Http\Router\Repository->run(Array ()) called at [C:\MAMP\htdocs\phoxphp\app\app\AppManager.php:265]
#5  App\AppManager->startApplication() called at [C:\MAMP\htdocs\phoxphp\app\app\AppManager.php:250]
#6  App\AppManager->boot(1) called at [C:\MAMP\htdocs\phoxphp\app\bootstrap.php:44]
#7  require(C:\MAMP\htdocs\phoxphp\app\bootstrap.php) called at [C:\MAMP\htdocs\phoxphp\index.php:28]

[notice][2018-04-10 11:14:33]Kit\Http\Router\Exceptions\RouteNotFoundException: Route css/mdl.css not registered.
Debug Trace: 
#0  App\AppManager->shutdown(256, Kit\Http\Router\Exceptions\RouteNotFoundException: Route css/mdl.css not registered., C:\MAMP\htdocs\phoxphp\app\app\BaseException.php, 37, Array ())
#1  trigger_error(Kit\Http\Router\Exceptions\RouteNotFoundException: Route css/mdl.css not registered., 256) called at [C:\MAMP\htdocs\phoxphp\app\app\BaseException.php:37]
#2  App\BaseException->__construct() called at [C:\MAMP\htdocs\phoxphp\app\vendor\phoxphp\http\src\Router\Exceptions\RouteNotFoundException.php:63]
#3  Kit\Http\Router\Exceptions\RouteNotFoundException->__construct(Route css/mdl.css not registered.) called at [C:\MAMP\htdocs\phoxphp\app\vendor\phoxphp\http\src\Router\Repository.php:386]
#4  Kit\Http\Router\Repository->run(Array ()) called at [C:\MAMP\htdocs\phoxphp\app\app\AppManager.php:265]
#5  App\AppManager->startApplication() called at [C:\MAMP\htdocs\phoxphp\app\app\AppManager.php:250]
#6  App\AppManager->boot(1) called at [C:\MAMP\htdocs\phoxphp\app\bootstrap.php:44]
#7  require(C:\MAMP\htdocs\phoxphp\app\bootstrap.php) called at [C:\MAMP\htdocs\phoxphp\index.php:28]

[notice][2018-04-10 11:14:33]Route css/app.css not registered.
Debug Trace: 
#0 C:\MAMP\htdocs\phoxphp\app\app\AppManager.php(265): Kit\Http\Router\Repository->run(Array)
#1 C:\MAMP\htdocs\phoxphp\app\app\AppManager.php(250): App\AppManager->startApplication()
#2 C:\MAMP\htdocs\phoxphp\app\bootstrap.php(44): App\AppManager->boot(true)
#3 C:\MAMP\htdocs\phoxphp\index.php(28): require('C:\\MAMP\\htdocs\\...')
#4 {main}
[notice][2018-04-10 11:14:33]Route css/mdl.css not registered.
Debug Trace: 
#0 C:\MAMP\htdocs\phoxphp\app\app\AppManager.php(265): Kit\Http\Router\Repository->run(Array)
#1 C:\MAMP\htdocs\phoxphp\app\app\AppManager.php(250): App\AppManager->startApplication()
#2 C:\MAMP\htdocs\phoxphp\app\bootstrap.php(44): App\AppManager->boot(true)
#3 C:\MAMP\htdocs\phoxphp\index.php(28): require('C:\\MAMP\\htdocs\\...')
#4 {main}
[notice][2018-04-10 11:14:33]Kit\Http\Router\Exceptions\RouteNotFoundException: Route css/app.css not registered.
Debug Trace: 
#0  App\AppManager->shutdown(256, Kit\Http\Router\Exceptions\RouteNotFoundException: Route css/app.css not registered., C:\MAMP\htdocs\phoxphp\app\app\BaseException.php, 37, Array ())
#1  trigger_error(Kit\Http\Router\Exceptions\RouteNotFoundException: Route css/app.css not registered., 256) called at [C:\MAMP\htdocs\phoxphp\app\app\BaseException.php:37]
#2  App\BaseException->__construct() called at [C:\MAMP\htdocs\phoxphp\app\vendor\phoxphp\http\src\Router\Exceptions\RouteNotFoundException.php:63]
#3  Kit\Http\Router\Exceptions\RouteNotFoundException->__construct(Route css/app.css not registered.) called at [C:\MAMP\htdocs\phoxphp\app\vendor\phoxphp\http\src\Router\Repository.php:386]
#4  Kit\Http\Router\Repository->run(Array ()) called at [C:\MAMP\htdocs\phoxphp\app\app\AppManager.php:265]
#5  App\AppManager->startApplication() called at [C:\MAMP\htdocs\phoxphp\app\app\AppManager.php:250]
#6  App\AppManager->boot(1) called at [C:\MAMP\htdocs\phoxphp\app\bootstrap.php:44]
#7  require(C:\MAMP\htdocs\phoxphp\app\bootstrap.php) called at [C:\MAMP\htdocs\phoxphp\index.php:28]

[notice][2018-04-10 11:14:33]Kit\Http\Router\Exceptions\RouteNotFoundException: Route css/mdl.css not registered.
Debug Trace: 
#0  App\AppManager->shutdown(256, Kit\Http\Router\Exceptions\RouteNotFoundException: Route css/mdl.css not registered., C:\MAMP\htdocs\phoxphp\app\app\BaseException.php, 37, Array ())
#1  trigger_error(Kit\Http\Router\Exceptions\RouteNotFoundException: Route css/mdl.css not registered., 256) called at [C:\MAMP\htdocs\phoxphp\app\app\BaseException.php:37]
#2  App\BaseException->__construct() called at [C:\MAMP\htdocs\phoxphp\app\vendor\phoxphp\http\src\Router\Exceptions\RouteNotFoundException.php:63]
#3  Kit\Http\Router\Exceptions\RouteNotFoundException->__construct(Route css/mdl.css not registered.) called at [C:\MAMP\htdocs\phoxphp\app\vendor\phoxphp\http\src\Router\Repository.php:386]
#4  Kit\Http\Router\Repository->run(Array ()) called at [C:\MAMP\htdocs\phoxphp\app\app\AppManager.php:265]
#5  App\AppManager->startApplication() called at [C:\MAMP\htdocs\phoxphp\app\app\AppManager.php:250]
#6  App\AppManager->boot(1) called at [C:\MAMP\htdocs\phoxphp\app\bootstrap.php:44]
#7  require(C:\MAMP\htdocs\phoxphp\app\bootstrap.php) called at [C:\MAMP\htdocs\phoxphp\index.php:28]

[notice][2018-04-10 11:14:33]Route css/app.css not registered.
Debug Trace: 
#0 C:\MAMP\htdocs\phoxphp\app\app\AppManager.php(265): Kit\Http\Router\Repository->run(Array)
#1 C:\MAMP\htdocs\phoxphp\app\app\AppManager.php(250): App\AppManager->startApplication()
#2 C:\MAMP\htdocs\phoxphp\app\bootstrap.php(44): App\AppManager->boot(true)
#3 C:\MAMP\htdocs\phoxphp\index.php(28): require('C:\\MAMP\\htdocs\\...')
#4 {main}
[notice][2018-04-10 11:14:33]Route css/mdl.css not registered.
Debug Trace: 
#0 C:\MAMP\htdocs\phoxphp\app\app\AppManager.php(265): Kit\Http\Router\Repository->run(Array)
#1 C:\MAMP\htdocs\phoxphp\app\app\AppManager.php(250): App\AppManager->startApplication()
#2 C:\MAMP\htdocs\phoxphp\app\bootstrap.php(44): App\AppManager->boot(true)
#3 C:\MAMP\htdocs\phoxphp\index.php(28): require('C:\\MAMP\\htdocs\\...')
#4 {main}
[notice][2018-04-10 11:14:35]Kit\Http\Router\Exceptions\RouteNotFoundException: Route css/mdl.css not registered.
Debug Trace: 
#0  App\AppManager->shutdown(256, Kit\Http\Router\Exceptions\RouteNotFoundException: Route css/mdl.css not registered., C:\MAMP\htdocs\phoxphp\app\app\BaseException.php, 37, Array ())
#1  trigger_error(Kit\Http\Router\Exceptions\RouteNotFoundException: Route css/mdl.css not registered., 256) called at [C:\MAMP\htdocs\phoxphp\app\app\BaseException.php:37]
#2  App\BaseException->__construct() called at [C:\MAMP\htdocs\phoxphp\app\vendor\phoxphp\http\src\Router\Exceptions\RouteNotFoundException.php:63]
#3  Kit\Http\Router\Exceptions\RouteNotFoundException->__construct(Route css/mdl.css not registered.) called at [C:\MAMP\htdocs\phoxphp\app\vendor\phoxphp\http\src\Router\Repository.php:386]
#4  Kit\Http\Router\Repository->run(Array ()) called at [C:\MAMP\htdocs\phoxphp\app\app\AppManager.php:265]
#5  App\AppManager->startApplication() called at [C:\MAMP\htdocs\phoxphp\app\app\AppManager.php:250]
#6  App\AppManager->boot(1) called at [C:\MAMP\htdocs\phoxphp\app\bootstrap.php:44]
#7  require(C:\MAMP\htdocs\phoxphp\app\bootstrap.php) called at [C:\MAMP\htdocs\phoxphp\index.php:28]

[notice][2018-04-10 11:14:35]Route css/mdl.css not registered.
Debug Trace: 
#0 C:\MAMP\htdocs\phoxphp\app\app\AppManager.php(265): Kit\Http\Router\Repository->run(Array)
#1 C:\MAMP\htdocs\phoxphp\app\app\AppManager.php(250): App\AppManager->startApplication()
#2 C:\MAMP\htdocs\phoxphp\app\bootstrap.php(44): App\AppManager->boot(true)
#3 C:\MAMP\htdocs\phoxphp\index.php(28): require('C:\\MAMP\\htdocs\\...')
#4 {main}
[notice][2018-04-10 11:14:35]Kit\Http\Router\Exceptions\RouteNotFoundException: Route css/app.css not registered.
Debug Trace: 
#0  App\AppManager->shutdown(256, Kit\Http\Router\Exceptions\RouteNotFoundException: Route css/app.css not registered., C:\MAMP\htdocs\phoxphp\app\app\BaseException.php, 37, Array ())
#1  trigger_error(Kit\Http\Router\Exceptions\RouteNotFoundException: Route css/app.css not registered., 256) called at [C:\MAMP\htdocs\phoxphp\app\app\BaseException.php:37]
#2  App\BaseException->__construct() called at [C:\MAMP\htdocs\phoxphp\app\vendor\phoxphp\http\src\Router\Exceptions\RouteNotFoundException.php:63]
#3  Kit\Http\Router\Exceptions\RouteNotFoundException->__construct(Route css/app.css not registered.) called at [C:\MAMP\htdocs\phoxphp\app\vendor\phoxphp\http\src\Router\Repository.php:386]
#4  Kit\Http\Router\Repository->run(Array ()) called at [C:\MAMP\htdocs\phoxphp\app\app\AppManager.php:265]
#5  App\AppManager->startApplication() called at [C:\MAMP\htdocs\phoxphp\app\app\AppManager.php:250]
#6  App\AppManager->boot(1) called at [C:\MAMP\htdocs\phoxphp\app\bootstrap.php:44]
#7  require(C:\MAMP\htdocs\phoxphp\app\bootstrap.php) called at [C:\MAMP\htdocs\phoxphp\index.php:28]

[notice][2018-04-10 11:14:36]Route css/app.css not registered.
Debug Trace: 
#0 C:\MAMP\htdocs\phoxphp\app\app\AppManager.php(265): Kit\Http\Router\Repository->run(Array)
#1 C:\MAMP\htdocs\phoxphp\app\app\AppManager.php(250): App\AppManager->startApplication()
#2 C:\MAMP\htdocs\phoxphp\app\bootstrap.php(44): App\AppManager->boot(true)
#3 C:\MAMP\htdocs\phoxphp\index.php(28): require('C:\\MAMP\\htdocs\\...')
#4 {main}
[notice][2018-04-10 11:20:08]Kit\Http\Router\Exceptions\RouteNotFoundException: Route css/app.css not registered.
Debug Trace: 
#0  App\AppManager->shutdown(256, Kit\Http\Router\Exceptions\RouteNotFoundException: Route css/app.css not registered., C:\MAMP\htdocs\phoxphp\app\app\BaseException.php, 37, Array ())
#1  trigger_error(Kit\Http\Router\Exceptions\RouteNotFoundException: Route css/app.css not registered., 256) called at [C:\MAMP\htdocs\phoxphp\app\app\BaseException.php:37]
#2  App\BaseException->__construct() called at [C:\MAMP\htdocs\phoxphp\app\vendor\phoxphp\http\src\Router\Exceptions\RouteNotFoundException.php:63]
#3  Kit\Http\Router\Exceptions\RouteNotFoundException->__construct(Route css/app.css not registered.) called at [C:\MAMP\htdocs\phoxphp\app\vendor\phoxphp\http\src\Router\Repository.php:386]
#4  Kit\Http\Router\Repository->run(Array ()) called at [C:\MAMP\htdocs\phoxphp\app\app\AppManager.php:265]
#5  App\AppManager->startApplication() called at [C:\MAMP\htdocs\phoxphp\app\app\AppManager.php:250]
#6  App\AppManager->boot(1) called at [C:\MAMP\htdocs\phoxphp\app\bootstrap.php:44]
#7  require(C:\MAMP\htdocs\phoxphp\app\bootstrap.php) called at [C:\MAMP\htdocs\phoxphp\index.php:28]

[notice][2018-04-10 11:20:08]Kit\Http\Router\Exceptions\RouteNotFoundException: Route css/mdl.css not registered.
Debug Trace: 
#0  App\AppManager->shutdown(256, Kit\Http\Router\Exceptions\RouteNotFoundException: Route css/mdl.css not registered., C:\MAMP\htdocs\phoxphp\app\app\BaseException.php, 37, Array ())
#1  trigger_error(Kit\Http\Router\Exceptions\RouteNotFoundException: Route css/mdl.css not registered., 256) called at [C:\MAMP\htdocs\phoxphp\app\app\BaseException.php:37]
#2  App\BaseException->__construct() called at [C:\MAMP\htdocs\phoxphp\app\vendor\phoxphp\http\src\Router\Exceptions\RouteNotFoundException.php:63]
#3  Kit\Http\Router\Exceptions\RouteNotFoundException->__construct(Route css/mdl.css not registered.) called at [C:\MAMP\htdocs\phoxphp\app\vendor\phoxphp\http\src\Router\Repository.php:386]
#4  Kit\Http\Router\Repository->run(Array ()) called at [C:\MAMP\htdocs\phoxphp\app\app\AppManager.php:265]
#5  App\AppManager->startApplication() called at [C:\MAMP\htdocs\phoxphp\app\app\AppManager.php:250]
#6  App\AppManager->boot(1) called at [C:\MAMP\htdocs\phoxphp\app\bootstrap.php:44]
#7  require(C:\MAMP\htdocs\phoxphp\app\bootstrap.php) called at [C:\MAMP\htdocs\phoxphp\index.php:28]

[notice][2018-04-10 11:20:08]Route css/app.css not registered.
Debug Trace: 
#0 C:\MAMP\htdocs\phoxphp\app\app\AppManager.php(265): Kit\Http\Router\Repository->run(Array)
#1 C:\MAMP\htdocs\phoxphp\app\app\AppManager.php(250): App\AppManager->startApplication()
#2 C:\MAMP\htdocs\phoxphp\app\bootstrap.php(44): App\AppManager->boot(true)
#3 C:\MAMP\htdocs\phoxphp\index.php(28): require('C:\\MAMP\\htdocs\\...')
#4 {main}
[notice][2018-04-10 11:20:08]Route css/mdl.css not registered.
Debug Trace: 
#0 C:\MAMP\htdocs\phoxphp\app\app\AppManager.php(265): Kit\Http\Router\Repository->run(Array)
#1 C:\MAMP\htdocs\phoxphp\app\app\AppManager.php(250): App\AppManager->startApplication()
#2 C:\MAMP\htdocs\phoxphp\app\bootstrap.php(44): App\AppManager->boot(true)
#3 C:\MAMP\htdocs\phoxphp\index.php(28): require('C:\\MAMP\\htdocs\\...')
#4 {main}
[notice][2018-04-10 11:29:55]Kit\Http\Router\Exceptions\RouteNotFoundException: Route css/mdl.css not registered.
Debug Trace: 
#0  App\AppManager->shutdown(256, Kit\Http\Router\Exceptions\RouteNotFoundException: Route css/mdl.css not registered., C:\MAMP\htdocs\phoxphp\app\app\BaseException.php, 37, Array ())
#1  trigger_error(Kit\Http\Router\Exceptions\RouteNotFoundException: Route css/mdl.css not registered., 256) called at [C:\MAMP\htdocs\phoxphp\app\app\BaseException.php:37]
#2  App\BaseException->__construct() called at [C:\MAMP\htdocs\phoxphp\app\vendor\phoxphp\http\src\Router\Exceptions\RouteNotFoundException.php:63]
#3  Kit\Http\Router\Exceptions\RouteNotFoundException->__construct(Route css/mdl.css not registered.) called at [C:\MAMP\htdocs\phoxphp\app\vendor\phoxphp\http\src\Router\Repository.php:386]
#4  Kit\Http\Router\Repository->run(Array ()) called at [C:\MAMP\htdocs\phoxphp\app\app\AppManager.php:265]
#5  App\AppManager->startApplication() called at [C:\MAMP\htdocs\phoxphp\app\app\AppManager.php:250]
#6  App\AppManager->boot(1) called at [C:\MAMP\htdocs\phoxphp\app\bootstrap.php:44]
#7  require(C:\MAMP\htdocs\phoxphp\app\bootstrap.php) called at [C:\MAMP\htdocs\phoxphp\index.php:28]

[notice][2018-04-10 11:29:55]Route css/mdl.css not registered.
Debug Trace: 
#0 C:\MAMP\htdocs\phoxphp\app\app\AppManager.php(265): Kit\Http\Router\Repository->run(Array)
#1 C:\MAMP\htdocs\phoxphp\app\app\AppManager.php(250): App\AppManager->startApplication()
#2 C:\MAMP\htdocs\phoxphp\app\bootstrap.php(44): App\AppManager->boot(true)
#3 C:\MAMP\htdocs\phoxphp\index.php(28): require('C:\\MAMP\\htdocs\\...')
#4 {main}
[notice][2018-04-10 11:29:55]Kit\Http\Router\Exceptions\RouteNotFoundException: Route css/app.css not registered.
Debug Trace: 
#0  App\AppManager->shutdown(256, Kit\Http\Router\Exceptions\RouteNotFoundException: Route css/app.css not registered., C:\MAMP\htdocs\phoxphp\app\app\BaseException.php, 37, Array ())
#1  trigger_error(Kit\Http\Router\Exceptions\RouteNotFoundException: Route css/app.css not registered., 256) called at [C:\MAMP\htdocs\phoxphp\app\app\BaseException.php:37]
#2  App\BaseException->__construct() called at [C:\MAMP\htdocs\phoxphp\app\vendor\phoxphp\http\src\Router\Exceptions\RouteNotFoundException.php:63]
#3  Kit\Http\Router\Exceptions\RouteNotFoundException->__construct(Route css/app.css not registered.) called at [C:\MAMP\htdocs\phoxphp\app\vendor\phoxphp\http\src\Router\Repository.php:386]
#4  Kit\Http\Router\Repository->run(Array ()) called at [C:\MAMP\htdocs\phoxphp\app\app\AppManager.php:265]
#5  App\AppManager->startApplication() called at [C:\MAMP\htdocs\phoxphp\app\app\AppManager.php:250]
#6  App\AppManager->boot(1) called at [C:\MAMP\htdocs\phoxphp\app\bootstrap.php:44]
#7  require(C:\MAMP\htdocs\phoxphp\app\bootstrap.php) called at [C:\MAMP\htdocs\phoxphp\index.php:28]

[notice][2018-04-10 11:29:55]Route css/app.css not registered.
Debug Trace: 
#0 C:\MAMP\htdocs\phoxphp\app\app\AppManager.php(265): Kit\Http\Router\Repository->run(Array)
#1 C:\MAMP\htdocs\phoxphp\app\app\AppManager.php(250): App\AppManager->startApplication()
#2 C:\MAMP\htdocs\phoxphp\app\bootstrap.php(44): App\AppManager->boot(true)
#3 C:\MAMP\htdocs\phoxphp\index.php(28): require('C:\\MAMP\\htdocs\\...')
#4 {main}
[notice][2018-04-10 11:29:55]Kit\Http\Router\Exceptions\RouteNotFoundException: Route css/app.css not registered.
Debug Trace: 
#0  App\AppManager->shutdown(256, Kit\Http\Router\Exceptions\RouteNotFoundException: Route css/app.css not registered., C:\MAMP\htdocs\phoxphp\app\app\BaseException.php, 37, Array ())
#1  trigger_error(Kit\Http\Router\Exceptions\RouteNotFoundException: Route css/app.css not registered., 256) called at [C:\MAMP\htdocs\phoxphp\app\app\BaseException.php:37]
#2  App\BaseException->__construct() called at [C:\MAMP\htdocs\phoxphp\app\vendor\phoxphp\http\src\Router\Exceptions\RouteNotFoundException.php:63]
#3  Kit\Http\Router\Exceptions\RouteNotFoundException->__construct(Route css/app.css not registered.) called at [C:\MAMP\htdocs\phoxphp\app\vendor\phoxphp\http\src\Router\Repository.php:386]
#4  Kit\Http\Router\Repository->run(Array ()) called at [C:\MAMP\htdocs\phoxphp\app\app\AppManager.php:265]
#5  App\AppManager->startApplication() called at [C:\MAMP\htdocs\phoxphp\app\app\AppManager.php:250]
#6  App\AppManager->boot(1) called at [C:\MAMP\htdocs\phoxphp\app\bootstrap.php:44]
#7  require(C:\MAMP\htdocs\phoxphp\app\bootstrap.php) called at [C:\MAMP\htdocs\phoxphp\index.php:28]

[notice][2018-04-10 11:29:55]Route css/app.css not registered.
Debug Trace: 
#0 C:\MAMP\htdocs\phoxphp\app\app\AppManager.php(265): Kit\Http\Router\Repository->run(Array)
#1 C:\MAMP\htdocs\phoxphp\app\app\AppManager.php(250): App\AppManager->startApplication()
#2 C:\MAMP\htdocs\phoxphp\app\bootstrap.php(44): App\AppManager->boot(true)
#3 C:\MAMP\htdocs\phoxphp\index.php(28): require('C:\\MAMP\\htdocs\\...')
#4 {main}
[notice][2018-04-10 11:29:55]Kit\Http\Router\Exceptions\RouteNotFoundException: Route css/mdl.css not registered.
Debug Trace: 
#0  App\AppManager->shutdown(256, Kit\Http\Router\Exceptions\RouteNotFoundException: Route css/mdl.css not registered., C:\MAMP\htdocs\phoxphp\app\app\BaseException.php, 37, Array ())
#1  trigger_error(Kit\Http\Router\Exceptions\RouteNotFoundException: Route css/mdl.css not registered., 256) called at [C:\MAMP\htdocs\phoxphp\app\app\BaseException.php:37]
#2  App\BaseException->__construct() called at [C:\MAMP\htdocs\phoxphp\app\vendor\phoxphp\http\src\Router\Exceptions\RouteNotFoundException.php:63]
#3  Kit\Http\Router\Exceptions\RouteNotFoundException->__construct(Route css/mdl.css not registered.) called at [C:\MAMP\htdocs\phoxphp\app\vendor\phoxphp\http\src\Router\Repository.php:386]
#4  Kit\Http\Router\Repository->run(Array ()) called at [C:\MAMP\htdocs\phoxphp\app\app\AppManager.php:265]
#5  App\AppManager->startApplication() called at [C:\MAMP\htdocs\phoxphp\app\app\AppManager.php:250]
#6  App\AppManager->boot(1) called at [C:\MAMP\htdocs\phoxphp\app\bootstrap.php:44]
#7  require(C:\MAMP\htdocs\phoxphp\app\bootstrap.php) called at [C:\MAMP\htdocs\phoxphp\index.php:28]

[notice][2018-04-10 11:29:56]Route css/mdl.css not registered.
Debug Trace: 
#0 C:\MAMP\htdocs\phoxphp\app\app\AppManager.php(265): Kit\Http\Router\Repository->run(Array)
#1 C:\MAMP\htdocs\phoxphp\app\app\AppManager.php(250): App\AppManager->startApplication()
#2 C:\MAMP\htdocs\phoxphp\app\bootstrap.php(44): App\AppManager->boot(true)
#3 C:\MAMP\htdocs\phoxphp\index.php(28): require('C:\\MAMP\\htdocs\\...')
#4 {main}
[notice][2018-04-10 11:29:57]Kit\Http\Router\Exceptions\RouteNotFoundException: Route css/app.css not registered.
Debug Trace: 
#0  App\AppManager->shutdown(256, Kit\Http\Router\Exceptions\RouteNotFoundException: Route css/app.css not registered., C:\MAMP\htdocs\phoxphp\app\app\BaseException.php, 37, Array ())
#1  trigger_error(Kit\Http\Router\Exceptions\RouteNotFoundException: Route css/app.css not registered., 256) called at [C:\MAMP\htdocs\phoxphp\app\app\BaseException.php:37]
#2  App\BaseException->__construct() called at [C:\MAMP\htdocs\phoxphp\app\vendor\phoxphp\http\src\Router\Exceptions\RouteNotFoundException.php:63]
#3  Kit\Http\Router\Exceptions\RouteNotFoundException->__construct(Route css/app.css not registered.) called at [C:\MAMP\htdocs\phoxphp\app\vendor\phoxphp\http\src\Router\Repository.php:386]
#4  Kit\Http\Router\Repository->run(Array ()) called at [C:\MAMP\htdocs\phoxphp\app\app\AppManager.php:265]
#5  App\AppManager->startApplication() called at [C:\MAMP\htdocs\phoxphp\app\app\AppManager.php:250]
#6  App\AppManager->boot(1) called at [C:\MAMP\htdocs\phoxphp\app\bootstrap.php:44]
#7  require(C:\MAMP\htdocs\phoxphp\app\bootstrap.php) called at [C:\MAMP\htdocs\phoxphp\index.php:28]

[notice][2018-04-10 11:29:57]Route css/app.css not registered.
Debug Trace: 
#0 C:\MAMP\htdocs\phoxphp\app\app\AppManager.php(265): Kit\Http\Router\Repository->run(Array)
#1 C:\MAMP\htdocs\phoxphp\app\app\AppManager.php(250): App\AppManager->startApplication()
#2 C:\MAMP\htdocs\phoxphp\app\bootstrap.php(44): App\AppManager->boot(true)
#3 C:\MAMP\htdocs\phoxphp\index.php(28): require('C:\\MAMP\\htdocs\\...')
#4 {main}
[notice][2018-04-10 11:29:57]Kit\Http\Router\Exceptions\RouteNotFoundException: Route css/mdl.css not registered.
Debug Trace: 
#0  App\AppManager->shutdown(256, Kit\Http\Router\Exceptions\RouteNotFoundException: Route css/mdl.css not registered., C:\MAMP\htdocs\phoxphp\app\app\BaseException.php, 37, Array ())
#1  trigger_error(Kit\Http\Router\Exceptions\RouteNotFoundException: Route css/mdl.css not registered., 256) called at [C:\MAMP\htdocs\phoxphp\app\app\BaseException.php:37]
#2  App\BaseException->__construct() called at [C:\MAMP\htdocs\phoxphp\app\vendor\phoxphp\http\src\Router\Exceptions\RouteNotFoundException.php:63]
#3  Kit\Http\Router\Exceptions\RouteNotFoundException->__construct(Route css/mdl.css not registered.) called at [C:\MAMP\htdocs\phoxphp\app\vendor\phoxphp\http\src\Router\Repository.php:386]
#4  Kit\Http\Router\Repository->run(Array ()) called at [C:\MAMP\htdocs\phoxphp\app\app\AppManager.php:265]
#5  App\AppManager->startApplication() called at [C:\MAMP\htdocs\phoxphp\app\app\AppManager.php:250]
#6  App\AppManager->boot(1) called at [C:\MAMP\htdocs\phoxphp\app\bootstrap.php:44]
#7  require(C:\MAMP\htdocs\phoxphp\app\bootstrap.php) called at [C:\MAMP\htdocs\phoxphp\index.php:28]

[notice][2018-04-10 11:29:57]Route css/mdl.css not registered.
Debug Trace: 
#0 C:\MAMP\htdocs\phoxphp\app\app\AppManager.php(265): Kit\Http\Router\Repository->run(Array)
#1 C:\MAMP\htdocs\phoxphp\app\app\AppManager.php(250): App\AppManager->startApplication()
#2 C:\MAMP\htdocs\phoxphp\app\bootstrap.php(44): App\AppManager->boot(true)
#3 C:\MAMP\htdocs\phoxphp\index.php(28): require('C:\\MAMP\\htdocs\\...')
#4 {main}
